<?xml version="1.0" encoding="UTF-8"?>
<!-- Generated by org.testng.reporters.JUnitReportReporter -->
<testsuite hostname="DESKTOP-2I8GNNP" failures="0" tests="1" name="com.alramz.qa.testcases.RenameWatchlistTest" time="47.870" errors="0" timestamp="2024-01-03T17:21:10 IST" skipped="0">
  <testcase classname="com.alramz.qa.testcases.RenameWatchlistTest" name="renameWatchlistVerificationTest" time="47.870"/>
  <system-out/>
</testsuite> <!-- com.alramz.qa.testcases.RenameWatchlistTest -->
