<?xml version="1.0" encoding="UTF-8"?>
<!-- Generated by org.testng.reporters.JUnitReportReporter -->
<testsuite hostname="DESKTOP-2I8GNNP" failures="0" tests="2" name="com.alramz.qa.testcases.CreateNewWatchlistTest" time="114.262" errors="0" timestamp="2024-01-03T18:42:03 IST" skipped="0">
  <testcase classname="com.alramz.qa.testcases.CreateNewWatchlistTest" name="createNewWatchlistVerificationTest" time="56.476"/>
  <system-out/>
  <testcase classname="com.alramz.qa.testcases.CreateNewWatchlistTest" name="createNewWatchlistVerificationTest" time="57.786"/>
  <system-out/>
</testsuite> <!-- com.alramz.qa.testcases.CreateNewWatchlistTest -->
