<?xml version="1.0" encoding="UTF-8"?>
<!-- Generated by org.testng.reporters.JUnitReportReporter -->
<testsuite hostname="DESKTOP-2I8GNNP" failures="0" tests="1" name="com.alramz.qa.testcases.CustomerLoginTest" time="40.051" errors="0" timestamp="2024-01-03T17:16:38 IST" skipped="0">
  <testcase classname="com.alramz.qa.testcases.CustomerLoginTest" name="verifyCustomerLoginTest" time="40.051"/>
  <system-out/>
</testsuite> <!-- com.alramz.qa.testcases.CustomerLoginTest -->
