<?xml version="1.0" encoding="UTF-8"?>
<!-- Generated by org.testng.reporters.JUnitReportReporter -->
<testsuite hostname="DESKTOP-2I8GNNP" failures="0" tests="1" name="com.alramz.qa.testcases.loginTestcases.CustomerLoginTest" time="43.422" errors="0" timestamp="2024-01-08T15:34:11 IST" skipped="0">
  <testcase classname="com.alramz.qa.testcases.loginTestcases.CustomerLoginTest" name="verifyCustomerLoginTest" time="43.422"/>
</testsuite> <!-- com.alramz.qa.testcases.loginTestcases.CustomerLoginTest -->
