<?xml version="1.0" encoding="UTF-8"?>
<!-- Generated by org.testng.reporters.JUnitReportReporter -->
<testsuite hostname="DESKTOP-2I8GNNP" failures="0" tests="2" name="com.alramz.qa.testcases.DeleteWatchlistTest" time="81.518" errors="0" timestamp="2024-01-03T17:22:57 IST" skipped="0">
  <testcase classname="com.alramz.qa.testcases.DeleteWatchlistTest" name="deleteWatchlistVerificationTest" time="40.803"/>
  <system-out/>
  <testcase classname="com.alramz.qa.testcases.DeleteWatchlistTest" name="deleteWatchlistVerificationTest" time="40.715"/>
  <system-out/>
</testsuite> <!-- com.alramz.qa.testcases.DeleteWatchlistTest -->
