<?xml version="1.0" encoding="UTF-8"?>
<!-- Generated by org.testng.reporters.JUnitReportReporter -->
<testsuite hostname="DESKTOP-2I8GNNP" failures="0" tests="2" name="com.alramz.qa.testcases.watchlistTestcases.AddSymbolWatchlistTest" time="88.922" errors="0" timestamp="2024-01-04T16:31:30 IST" skipped="0">
  <testcase classname="com.alramz.qa.testcases.watchlistTestcases.AddSymbolWatchlistTest" name="addnewWatchlistSymbolVerificationTest" time="45.112"/>
  <testcase classname="com.alramz.qa.testcases.watchlistTestcases.AddSymbolWatchlistTest" name="addnewWatchlistSymbolVerificationTest" time="43.810"/>
</testsuite> <!-- com.alramz.qa.testcases.watchlistTestcases.AddSymbolWatchlistTest -->
