<?xml version="1.0" encoding="UTF-8"?>
<!-- Generated by org.testng.reporters.JUnitReportReporter -->
<testsuite hostname="DESKTOP-2I8GNNP" failures="0" tests="2" name="com.alramz.qa.testcases.AddSymbolWatchlistTest" time="86.345" errors="0" timestamp="2024-01-03T17:20:14 IST" skipped="0">
  <testcase classname="com.alramz.qa.testcases.AddSymbolWatchlistTest" name="addnewWatchlistSymbolVerificationTest" time="43.955"/>
  <system-out/>
  <testcase classname="com.alramz.qa.testcases.AddSymbolWatchlistTest" name="addnewWatchlistSymbolVerificationTest" time="42.390"/>
  <system-out/>
</testsuite> <!-- com.alramz.qa.testcases.AddSymbolWatchlistTest -->
